Configuring PyTorch device...
GPU available: NVIDIA H100 80GB HBM3
Number of GPUs: 1
Creating REMI tokenizer...
Processing MIDI files (no augmentation)...
Found 275 MIDI files
Error: /home/ubuntu/midi-ai/models/training_data/v5_various/10ways.mid: MiniMidi: Unexpected EOF in running status! Cursor would be 1 bytes beyond the end of buffer with previous event length 2!: iostream error
Total REMI tokens: 2795590
Preparing sequences...
REMI sequences prepared. Input shape: (2795490, 100), n_vocab: 362
n_vocab: 362, sequences: 2795490
Creating model with input shape (2795490, 100) and 362 vocabulary size...
Model created successfully (version=2, embedding_dim=128, attention=False)
Training model with 100 epochs and batch size 256...
Train samples: 2515941, Val samples: 279549
Epoch 1/100 - Train: 1.3419 - Val: 0.9667 - LR: 0.004000
Checkpoint saved: /home/ubuntu/midi-ai/models/weights-improvement-01-0.9667.pt
Epoch 2/100 - Train: 0.9683 - Val: 0.8443 - LR: 0.003999
Checkpoint saved: /home/ubuntu/midi-ai/models/weights-improvement-02-0.8443.pt
Epoch 3/100 - Train: 0.8667 - Val: 0.7742 - LR: 0.003996
Checkpoint saved: /home/ubuntu/midi-ai/models/weights-improvement-03-0.7742.pt
Epoch 4/100 - Train: 0.8080 - Val: 0.7297 - LR: 0.003991
Checkpoint saved: /home/ubuntu/midi-ai/models/weights-improvement-04-0.7297.pt
Epoch 5/100 - Train: 0.7680 - Val: 0.7026 - LR: 0.003984
Checkpoint saved: /home/ubuntu/midi-ai/models/weights-improvement-05-0.7026.pt
Epoch 6/100 - Train: 0.7414 - Val: 0.6784 - LR: 0.003975
Checkpoint saved: /home/ubuntu/midi-ai/models/weights-improvement-06-0.6784.pt
Epoch 7/100 - Train: 0.7206 - Val: 0.6567 - LR: 0.003965
Checkpoint saved: /home/ubuntu/midi-ai/models/weights-improvement-07-0.6567.pt
Epoch 8/100 - Train: 0.7041 - Val: 0.6484 - LR: 0.003952
Checkpoint saved: /home/ubuntu/midi-ai/models/weights-improvement-08-0.6484.pt
Epoch 9/100 - Train: 0.6906 - Val: 0.6396 - LR: 0.003937
Checkpoint saved: /home/ubuntu/midi-ai/models/weights-improvement-09-0.6396.pt
Epoch 10/100 - Train: 0.6798 - Val: 0.6296 - LR: 0.003921
Checkpoint saved: /home/ubuntu/midi-ai/models/weights-improvement-10-0.6296.pt
Epoch 11/100 - Train: 0.6696 - Val: 0.6217 - LR: 0.003902
Checkpoint saved: /home/ubuntu/midi-ai/models/weights-improvement-11-0.6217.pt
Epoch 12/100 - Train: 0.6604 - Val: 0.6131 - LR: 0.003882
Checkpoint saved: /home/ubuntu/midi-ai/models/weights-improvement-12-0.6131.pt
Epoch 13/100 - Train: 0.6530 - Val: 0.6123 - LR: 0.003860
Checkpoint saved: /home/ubuntu/midi-ai/models/weights-improvement-13-0.6123.pt
Epoch 14/100 - Train: 0.6454 - Val: 0.6025 - LR: 0.003836
Checkpoint saved: /home/ubuntu/midi-ai/models/weights-improvement-14-0.6025.pt
Epoch 15/100 - Train: 0.6387 - Val: 0.5946 - LR: 0.003810
Checkpoint saved: /home/ubuntu/midi-ai/models/weights-improvement-15-0.5946.pt
Epoch 16/100 - Train: 0.6325 - Val: 0.5914 - LR: 0.003782
Checkpoint saved: /home/ubuntu/midi-ai/models/weights-improvement-16-0.5914.pt
Epoch 17/100 - Train: 0.6261 - Val: 0.5831 - LR: 0.003753
Checkpoint saved: /home/ubuntu/midi-ai/models/weights-improvement-17-0.5831.pt
Epoch 18/100 - Train: 0.6211 - Val: 0.5830 - LR: 0.003721
Checkpoint saved: /home/ubuntu/midi-ai/models/weights-improvement-18-0.5830.pt
Epoch 19/100 - Train: 0.6151 - Val: 0.5804 - LR: 0.003689
Checkpoint saved: /home/ubuntu/midi-ai/models/weights-improvement-19-0.5804.pt
Epoch 20/100 - Train: 0.6095 - Val: 0.5822 - LR: 0.003654
Epoch 21/100 - Train: 0.6041 - Val: 0.5733 - LR: 0.003618
Checkpoint saved: /home/ubuntu/midi-ai/models/weights-improvement-21-0.5733.pt
Epoch 22/100 - Train: 0.5989 - Val: 0.5702 - LR: 0.003580
Checkpoint saved: /home/ubuntu/midi-ai/models/weights-improvement-22-0.5702.pt
Epoch 23/100 - Train: 0.5935 - Val: 0.5595 - LR: 0.003541
Checkpoint saved: /home/ubuntu/midi-ai/models/weights-improvement-23-0.5595.pt
Epoch 24/100 - Train: 0.5881 - Val: 0.5606 - LR: 0.003500
Epoch 25/100 - Train: 0.5828 - Val: 0.5542 - LR: 0.003458
Checkpoint saved: /home/ubuntu/midi-ai/models/weights-improvement-25-0.5542.pt
Epoch 26/100 - Train: 0.5782 - Val: 0.5547 - LR: 0.003414
Epoch 27/100 - Train: 0.5726 - Val: 0.5499 - LR: 0.003369
Checkpoint saved: /home/ubuntu/midi-ai/models/weights-improvement-27-0.5499.pt
Epoch 28/100 - Train: 0.5674 - Val: 0.5452 - LR: 0.003323
Checkpoint saved: /home/ubuntu/midi-ai/models/weights-improvement-28-0.5452.pt
Epoch 29/100 - Train: 0.5624 - Val: 0.5336 - LR: 0.003275
Checkpoint saved: /home/ubuntu/midi-ai/models/weights-improvement-29-0.5336.pt
Epoch 30/100 - Train: 0.5570 - Val: 0.5330 - LR: 0.003226
Checkpoint saved: /home/ubuntu/midi-ai/models/weights-improvement-30-0.5330.pt
Epoch 31/100 - Train: 0.5513 - Val: 0.5338 - LR: 0.003176
Epoch 32/100 - Train: 0.5461 - Val: 0.5240 - LR: 0.003124
Checkpoint saved: /home/ubuntu/midi-ai/models/weights-improvement-32-0.5240.pt
Epoch 33/100 - Train: 0.5401 - Val: 0.5202 - LR: 0.003072
Checkpoint saved: /home/ubuntu/midi-ai/models/weights-improvement-33-0.5202.pt
Epoch 34/100 - Train: 0.5352 - Val: 0.5186 - LR: 0.003018
Checkpoint saved: /home/ubuntu/midi-ai/models/weights-improvement-34-0.5186.pt
Epoch 35/100 - Train: 0.5296 - Val: 0.5117 - LR: 0.002964
Checkpoint saved: /home/ubuntu/midi-ai/models/weights-improvement-35-0.5117.pt
Epoch 36/100 - Train: 0.5237 - Val: 0.5071 - LR: 0.002908
Checkpoint saved: /home/ubuntu/midi-ai/models/weights-improvement-36-0.5071.pt
Epoch 37/100 - Train: 0.5176 - Val: 0.5104 - LR: 0.002852
Epoch 38/100 - Train: 0.5119 - Val: 0.4979 - LR: 0.002794
Checkpoint saved: /home/ubuntu/midi-ai/models/weights-improvement-38-0.4979.pt
Epoch 39/100 - Train: 0.5065 - Val: 0.4989 - LR: 0.002736
Epoch 40/100 - Train: 0.5000 - Val: 0.4914 - LR: 0.002677
Checkpoint saved: /home/ubuntu/midi-ai/models/weights-improvement-40-0.4914.pt
Epoch 41/100 - Train: 0.4936 - Val: 0.4917 - LR: 0.002618
Epoch 42/100 - Train: 0.4880 - Val: 0.4829 - LR: 0.002558
Checkpoint saved: /home/ubuntu/midi-ai/models/weights-improvement-42-0.4829.pt
Epoch 43/100 - Train: 0.4818 - Val: 0.4790 - LR: 0.002497
Checkpoint saved: /home/ubuntu/midi-ai/models/weights-improvement-43-0.4790.pt
Epoch 44/100 - Train: 0.4749 - Val: 0.4734 - LR: 0.002436
Checkpoint saved: /home/ubuntu/midi-ai/models/weights-improvement-44-0.4734.pt
Epoch 45/100 - Train: 0.4688 - Val: 0.4670 - LR: 0.002375
Checkpoint saved: /home/ubuntu/midi-ai/models/weights-improvement-45-0.4670.pt
Epoch 46/100 - Train: 0.4625 - Val: 0.4646 - LR: 0.002313
Checkpoint saved: /home/ubuntu/midi-ai/models/weights-improvement-46-0.4646.pt
Epoch 47/100 - Train: 0.4555 - Val: 0.4621 - LR: 0.002251
Checkpoint saved: /home/ubuntu/midi-ai/models/weights-improvement-47-0.4621.pt
Epoch 48/100 - Train: 0.4490 - Val: 0.4524 - LR: 0.002188
Checkpoint saved: /home/ubuntu/midi-ai/models/weights-improvement-48-0.4524.pt
Epoch 49/100 - Train: 0.4418 - Val: 0.4526 - LR: 0.002126
Epoch 50/100 - Train: 0.4349 - Val: 0.4483 - LR: 0.002063
Checkpoint saved: /home/ubuntu/midi-ai/models/weights-improvement-50-0.4483.pt
Epoch 51/100 - Train: 0.4284 - Val: 0.4401 - LR: 0.002000
Checkpoint saved: /home/ubuntu/midi-ai/models/weights-improvement-51-0.4401.pt
Epoch 52/100 - Train: 0.4206 - Val: 0.4397 - LR: 0.001937
Checkpoint saved: /home/ubuntu/midi-ai/models/weights-improvement-52-0.4397.pt
Epoch 53/100 - Train: 0.4137 - Val: 0.4321 - LR: 0.001874
Checkpoint saved: /home/ubuntu/midi-ai/models/weights-improvement-53-0.4321.pt
Epoch 54/100 - Train: 0.4070 - Val: 0.4302 - LR: 0.001812
Checkpoint saved: /home/ubuntu/midi-ai/models/weights-improvement-54-0.4302.pt
Epoch 55/100 - Train: 0.3996 - Val: 0.4214 - LR: 0.001749
Checkpoint saved: /home/ubuntu/midi-ai/models/weights-improvement-55-0.4214.pt
Epoch 56/100 - Train: 0.3922 - Val: 0.4180 - LR: 0.001687
Checkpoint saved: /home/ubuntu/midi-ai/models/weights-improvement-56-0.4180.pt
Epoch 57/100 - Train: 0.3849 - Val: 0.4140 - LR: 0.001625
Checkpoint saved: /home/ubuntu/midi-ai/models/weights-improvement-57-0.4140.pt
Epoch 58/100 - Train: 0.3768 - Val: 0.4097 - LR: 0.001564
Checkpoint saved: /home/ubuntu/midi-ai/models/weights-improvement-58-0.4097.pt
Epoch 59/100 - Train: 0.3700 - Val: 0.4065 - LR: 0.001503
Checkpoint saved: /home/ubuntu/midi-ai/models/weights-improvement-59-0.4065.pt
Epoch 60/100 - Train: 0.3616 - Val: 0.4020 - LR: 0.001442
Checkpoint saved: /home/ubuntu/midi-ai/models/weights-improvement-60-0.4020.pt
Epoch 61/100 - Train: 0.3538 - Val: 0.3992 - LR: 0.001382
Checkpoint saved: /home/ubuntu/midi-ai/models/weights-improvement-61-0.3992.pt
Epoch 62/100 - Train: 0.3468 - Val: 0.3935 - LR: 0.001323
Checkpoint saved: /home/ubuntu/midi-ai/models/weights-improvement-62-0.3935.pt
Epoch 63/100 - Train: 0.3386 - Val: 0.3877 - LR: 0.001264
Checkpoint saved: /home/ubuntu/midi-ai/models/weights-improvement-63-0.3877.pt
Epoch 64/100 - Train: 0.3305 - Val: 0.3851 - LR: 0.001206
Checkpoint saved: /home/ubuntu/midi-ai/models/weights-improvement-64-0.3851.pt
Epoch 65/100 - Train: 0.3228 - Val: 0.3791 - LR: 0.001148
Checkpoint saved: /home/ubuntu/midi-ai/models/weights-improvement-65-0.3791.pt
Epoch 66/100 - Train: 0.3146 - Val: 0.3795 - LR: 0.001092
Epoch 67/100 - Train: 0.3068 - Val: 0.3749 - LR: 0.001036
Checkpoint saved: /home/ubuntu/midi-ai/models/weights-improvement-67-0.3749.pt
Epoch 68/100 - Train: 0.2986 - Val: 0.3699 - LR: 0.000982
Checkpoint saved: /home/ubuntu/midi-ai/models/weights-improvement-68-0.3699.pt
Epoch 69/100 - Train: 0.2906 - Val: 0.3657 - LR: 0.000928
Checkpoint saved: /home/ubuntu/midi-ai/models/weights-improvement-69-0.3657.pt
Epoch 70/100 - Train: 0.2829 - Val: 0.3625 - LR: 0.000876
Checkpoint saved: /home/ubuntu/midi-ai/models/weights-improvement-70-0.3625.pt
Epoch 71/100 - Train: 0.2746 - Val: 0.3626 - LR: 0.000824
Epoch 72/100 - Train: 0.2669 - Val: 0.3605 - LR: 0.000774
Checkpoint saved: /home/ubuntu/midi-ai/models/weights-improvement-72-0.3605.pt
Epoch 73/100 - Train: 0.2587 - Val: 0.3568 - LR: 0.000725
Checkpoint saved: /home/ubuntu/midi-ai/models/weights-improvement-73-0.3568.pt
Epoch 74/100 - Train: 0.2504 - Val: 0.3586 - LR: 0.000677
Epoch 75/100 - Train: 0.2429 - Val: 0.3551 - LR: 0.000631
Checkpoint saved: /home/ubuntu/midi-ai/models/weights-improvement-75-0.3551.pt
Epoch 76/100 - Train: 0.2345 - Val: 0.3554 - LR: 0.000586
Epoch 77/100 - Train: 0.2262 - Val: 0.3511 - LR: 0.000542
Checkpoint saved: /home/ubuntu/midi-ai/models/weights-improvement-77-0.3511.pt
Epoch 78/100 - Train: 0.2186 - Val: 0.3513 - LR: 0.000500
Epoch 79/100 - Train: 0.2108 - Val: 0.3505 - LR: 0.000459
Checkpoint saved: /home/ubuntu/midi-ai/models/weights-improvement-79-0.3505.pt
Epoch 80/100 - Train: 0.2030 - Val: 0.3496 - LR: 0.000420
Checkpoint saved: /home/ubuntu/midi-ai/models/weights-improvement-80-0.3496.pt
Epoch 81/100 - Train: 0.1953 - Val: 0.3491 - LR: 0.000382
Checkpoint saved: /home/ubuntu/midi-ai/models/weights-improvement-81-0.3491.pt
Epoch 82/100 - Train: 0.1878 - Val: 0.3521 - LR: 0.000346
Epoch 83/100 - Train: 0.1803 - Val: 0.3521 - LR: 0.000311
Epoch 84/100 - Train: 0.1735 - Val: 0.3519 - LR: 0.000279
Epoch 85/100 - Train: 0.1663 - Val: 0.3527 - LR: 0.000247
Epoch 86/100 - Train: 0.1604 - Val: 0.3567 - LR: 0.000218
Epoch 87/100 - Train: 0.1534 - Val: 0.3583 - LR: 0.000190
Epoch 88/100 - Train: 0.1474 - Val: 0.3607 - LR: 0.000164
Epoch 89/100 - Train: 0.1415 - Val: 0.3630 - LR: 0.000140
Epoch 90/100 - Train: 0.1364 - Val: 0.3663 - LR: 0.000118
Epoch 91/100 - Train: 0.1316 - Val: 0.3687 - LR: 0.000098
Early stopping triggered after 91 epochs (patience=10)
Model training completed. Best val loss: 0.3491
Model saved to /home/ubuntu/midi-ai/models/melody_generator_lstm_v6.pt
Metadata saved to /home/ubuntu/midi-ai/models/melody_generator_lstm_v6_metadata.json
Seeds saved to /home/ubuntu/midi-ai/models/melody_generator_lstm_v6_seeds.json
Tokenizer saved to /home/ubuntu/midi-ai/models/melody_generator_lstm_v6_tokenizer
Metadata updated with tokenizer info
Done!
